<?xml version="1.0" encoding="utf-8"?><testsuites><testsuite name="pytest" errors="0" failures="1" skipped="0" tests="3" time="0.074" timestamp="2025-01-18T16:05:21.608219-03:00" hostname="DESKTOP-NIFS5S5"><testcase classname="tests.test_load" name="test_load_positive_has_2_people" time="0.002"><failure message="AssertionError: assert 3 == 2&#10; +  where 3 = len(['Jim Halpert, Sales, Salesman, jim@dundiermifflin.com', 'Dwight Schrute, Sales, Manager, schrute@dundiermifflin.com', 'Gabe Lewis, Directory, Manager, glewis@dundiermifflin.com'])&#10; +    where ['Jim Halpert, Sales, Salesman, jim@dundiermifflin.com', 'Dwight Schrute, Sales, Manager, schrute@dundiermifflin.com', 'Gabe Lewis, Directory, Manager, glewis@dundiermifflin.com'] = load('/home/brunochiconato/dundie-rewards/tests/assets/people.csv')">@pytest.mark.unit
    @pytest.mark.high
    def test_load_positive_has_2_people():
        """Test load function."""
&gt;       assert len(load(PEOPLE_FILE)) == 2
E       AssertionError: assert 3 == 2
E        +  where 3 = len(['Jim Halpert, Sales, Salesman, jim@dundiermifflin.com', 'Dwight Schrute, Sales, Manager, schrute@dundiermifflin.com', 'Gabe Lewis, Directory, Manager, glewis@dundiermifflin.com'])
E        +    where ['Jim Halpert, Sales, Salesman, jim@dundiermifflin.com', 'Dwight Schrute, Sales, Manager, schrute@dundiermifflin.com', 'Gabe Lewis, Directory, Manager, glewis@dundiermifflin.com'] = load('/home/brunochiconato/dundie-rewards/tests/assets/people.csv')

/home/brunochiconato/dundie-rewards/tests/test_load.py:10: AssertionError</failure></testcase><testcase classname="tests.test_load" name="test_load_positive_name_starts_with_j" time="0.001" /><testcase classname="integration.test_load" name="test_load" time="0.038" /></testsuite></testsuites>